<?xml version="1.0" encoding="UTF-8"?>
<!-- Generated by org.testng.reporters.JUnitReportReporter -->
<testsuite hostname="DESKTOP-HE68M17" failures="0" tests="1" name="com.crm.createOrganisation.CreateOrganizationWithIndustryAndTypeTest" time="94.628" errors="0" timestamp="2022-09-22T17:31:28 IST" skipped="0">
  <testcase classname="com.crm.createOrganisation.CreateOrganizationWithIndustryAndTypeTest" name="createOrganizationWithIndustryAndTypeTest" time="94.628"/>
  <system-out>
    <![CDATA[CreateOrganizationWithIndustryAndTypeTest is pass]]>
  </system-out>
</testsuite> <!-- com.crm.createOrganisation.CreateOrganizationWithIndustryAndTypeTest -->
